{"/home/karina/E05/frontend/testUtils.js": {"path":"/home/karina/E05/frontend/testUtils.js","statementMap":{"0":{"start":{"line":9,"column":15},"end":{"line":13,"column":1}},"1":{"start":{"line":9,"column":29},"end":{"line":13,"column":1}}},"fnMap":{"0":{"name":"(anonymous_0)","decl":{"start":{"line":9,"column":15},"end":{"line":9,"column":16}},"loc":{"start":{"line":9,"column":29},"end":{"line":13,"column":1}},"line":9}},"branchMap":{},"s":{"0":5,"1":34},"f":{"0":34},"b":{},"_coverageSchema":"1a1c01bbd47fc00a2c39e90264f33305004495a9","hash":"ac6d04d6b6a87f5523368cefe617f02207a61ee5"}
,"/home/karina/E05/frontend/src/http-common.js": {"path":"/home/karina/E05/frontend/src/http-common.js","statementMap":{},"fnMap":{},"branchMap":{},"s":{},"f":{},"b":{},"_coverageSchema":"1a1c01bbd47fc00a2c39e90264f33305004495a9","hash":"66b8782d7c9f1da59770e8146470cfa425fa84bb"}
,"/home/karina/E05/frontend/src/store.js": {"path":"/home/karina/E05/frontend/src/store.js","statementMap":{"0":{"start":{"line":6,"column":19},"end":{"line":6,"column":26}},"1":{"start":{"line":8,"column":14},"end":{"line":11,"column":1}}},"fnMap":{},"branchMap":{},"s":{"0":5,"1":5},"f":{},"b":{},"_coverageSchema":"1a1c01bbd47fc00a2c39e90264f33305004495a9","hash":"8cb17455f5fddb17b2031f750bf574ddfdb68630"}
,"/home/karina/E05/frontend/src/actions/auth.action.js": {"path":"/home/karina/E05/frontend/src/actions/auth.action.js","statementMap":{"0":{"start":{"line":13,"column":26},"end":{"line":45,"column":3}},"1":{"start":{"line":13,"column":57},"end":{"line":45,"column":3}},"2":{"start":{"line":14,"column":4},"end":{"line":44,"column":6}},"3":{"start":{"line":16,"column":8},"end":{"line":19,"column":11}},"4":{"start":{"line":21,"column":8},"end":{"line":24,"column":11}},"5":{"start":{"line":26,"column":8},"end":{"line":26,"column":33}},"6":{"start":{"line":30,"column":10},"end":{"line":31,"column":43}},"7":{"start":{"line":33,"column":8},"end":{"line":35,"column":11}},"8":{"start":{"line":37,"column":8},"end":{"line":40,"column":11}},"9":{"start":{"line":42,"column":8},"end":{"line":42,"column":32}},"10":{"start":{"line":47,"column":23},"end":{"line":82,"column":3}},"11":{"start":{"line":47,"column":47},"end":{"line":82,"column":3}},"12":{"start":{"line":48,"column":4},"end":{"line":81,"column":6}},"13":{"start":{"line":50,"column":8},"end":{"line":50,"column":21}},"14":{"start":{"line":51,"column":8},"end":{"line":63,"column":9}},"15":{"start":{"line":52,"column":10},"end":{"line":55,"column":13}},"16":{"start":{"line":56,"column":10},"end":{"line":56,"column":44}},"17":{"start":{"line":58,"column":10},"end":{"line":61,"column":13}},"18":{"start":{"line":62,"column":10},"end":{"line":62,"column":44}},"19":{"start":{"line":67,"column":10},"end":{"line":68,"column":43}},"20":{"start":{"line":70,"column":8},"end":{"line":72,"column":11}},"21":{"start":{"line":74,"column":8},"end":{"line":77,"column":11}},"22":{"start":{"line":79,"column":8},"end":{"line":79,"column":32}},"23":{"start":{"line":84,"column":24},"end":{"line":90,"column":3}},"24":{"start":{"line":84,"column":30},"end":{"line":90,"column":3}},"25":{"start":{"line":85,"column":4},"end":{"line":85,"column":25}},"26":{"start":{"line":87,"column":4},"end":{"line":89,"column":7}}},"fnMap":{"0":{"name":"(anonymous_0)","decl":{"start":{"line":13,"column":26},"end":{"line":13,"column":27}},"loc":{"start":{"line":13,"column":57},"end":{"line":45,"column":3}},"line":13},"1":{"name":"(anonymous_1)","decl":{"start":{"line":13,"column":57},"end":{"line":13,"column":58}},"loc":{"start":{"line":13,"column":71},"end":{"line":45,"column":3}},"line":13},"2":{"name":"(anonymous_2)","decl":{"start":{"line":15,"column":6},"end":{"line":15,"column":7}},"loc":{"start":{"line":15,"column":20},"end":{"line":27,"column":7}},"line":15},"3":{"name":"(anonymous_3)","decl":{"start":{"line":28,"column":6},"end":{"line":28,"column":7}},"loc":{"start":{"line":28,"column":17},"end":{"line":43,"column":7}},"line":28},"4":{"name":"(anonymous_4)","decl":{"start":{"line":47,"column":23},"end":{"line":47,"column":24}},"loc":{"start":{"line":47,"column":47},"end":{"line":82,"column":3}},"line":47},"5":{"name":"(anonymous_5)","decl":{"start":{"line":47,"column":47},"end":{"line":47,"column":48}},"loc":{"start":{"line":47,"column":61},"end":{"line":82,"column":3}},"line":47},"6":{"name":"(anonymous_6)","decl":{"start":{"line":49,"column":6},"end":{"line":49,"column":7}},"loc":{"start":{"line":49,"column":16},"end":{"line":64,"column":7}},"line":49},"7":{"name":"(anonymous_7)","decl":{"start":{"line":65,"column":6},"end":{"line":65,"column":7}},"loc":{"start":{"line":65,"column":17},"end":{"line":80,"column":7}},"line":65},"8":{"name":"(anonymous_8)","decl":{"start":{"line":84,"column":24},"end":{"line":84,"column":25}},"loc":{"start":{"line":84,"column":30},"end":{"line":90,"column":3}},"line":84},"9":{"name":"(anonymous_9)","decl":{"start":{"line":84,"column":30},"end":{"line":84,"column":31}},"loc":{"start":{"line":84,"column":44},"end":{"line":90,"column":3}},"line":84}},"branchMap":{"0":{"loc":{"start":{"line":30,"column":10},"end":{"line":31,"column":43}},"type":"binary-expr","locations":[{"start":{"line":30,"column":11},"end":{"line":30,"column":25}},{"start":{"line":30,"column":29},"end":{"line":30,"column":48}},{"start":{"line":30,"column":52},"end":{"line":30,"column":79}},{"start":{"line":31,"column":10},"end":{"line":31,"column":23}},{"start":{"line":31,"column":27},"end":{"line":31,"column":43}}],"line":30},"1":{"loc":{"start":{"line":51,"column":8},"end":{"line":63,"column":9}},"type":"if","locations":[{"start":{"line":51,"column":8},"end":{"line":63,"column":9}},{"start":{"line":57,"column":15},"end":{"line":63,"column":9}}],"line":51},"2":{"loc":{"start":{"line":67,"column":10},"end":{"line":68,"column":43}},"type":"binary-expr","locations":[{"start":{"line":67,"column":11},"end":{"line":67,"column":25}},{"start":{"line":67,"column":29},"end":{"line":67,"column":48}},{"start":{"line":67,"column":52},"end":{"line":67,"column":79}},{"start":{"line":68,"column":10},"end":{"line":68,"column":23}},{"start":{"line":68,"column":27},"end":{"line":68,"column":43}}],"line":67}},"s":{"0":3,"1":0,"2":0,"3":0,"4":0,"5":0,"6":0,"7":0,"8":0,"9":0,"10":3,"11":0,"12":0,"13":0,"14":0,"15":0,"16":0,"17":0,"18":0,"19":0,"20":0,"21":0,"22":0,"23":3,"24":0,"25":0,"26":0},"f":{"0":0,"1":0,"2":0,"3":0,"4":0,"5":0,"6":0,"7":0,"8":0,"9":0},"b":{"0":[0,0,0,0,0],"1":[0,0],"2":[0,0,0,0,0]},"_coverageSchema":"1a1c01bbd47fc00a2c39e90264f33305004495a9","hash":"4c31f989ea122b4078660d92f039a693a98ce3d4"}
,"/home/karina/E05/frontend/src/actions/types.js": {"path":"/home/karina/E05/frontend/src/actions/types.js","statementMap":{"0":{"start":{"line":4,"column":32},"end":{"line":4,"column":50}},"1":{"start":{"line":5,"column":29},"end":{"line":5,"column":44}},"2":{"start":{"line":6,"column":29},"end":{"line":6,"column":44}},"3":{"start":{"line":7,"column":35},"end":{"line":7,"column":56}},"4":{"start":{"line":8,"column":26},"end":{"line":8,"column":38}},"5":{"start":{"line":9,"column":22},"end":{"line":9,"column":30}},"6":{"start":{"line":11,"column":27},"end":{"line":11,"column":40}},"7":{"start":{"line":12,"column":29},"end":{"line":12,"column":44}},"8":{"start":{"line":15,"column":27},"end":{"line":15,"column":45}},"9":{"start":{"line":16,"column":31},"end":{"line":16,"column":54}},"10":{"start":{"line":17,"column":25},"end":{"line":17,"column":37}},"11":{"start":{"line":18,"column":27},"end":{"line":18,"column":46}},"12":{"start":{"line":19,"column":27},"end":{"line":19,"column":46}},"13":{"start":{"line":21,"column":20},"end":{"line":21,"column":35}}},"fnMap":{},"branchMap":{},"s":{"0":5,"1":5,"2":5,"3":5,"4":5,"5":5,"6":5,"7":5,"8":5,"9":5,"10":5,"11":5,"12":5,"13":5},"f":{},"b":{},"_coverageSchema":"1a1c01bbd47fc00a2c39e90264f33305004495a9","hash":"3dc40a4c42982a6865e174ba8cb770016d216715"}
,"/home/karina/E05/frontend/src/components/auth/login.component.js": {"path":"/home/karina/E05/frontend/src/components/auth/login.component.js","statementMap":{"0":{"start":{"line":9,"column":27},"end":{"line":9,"column":59}},"1":{"start":{"line":9,"column":38},"end":{"line":9,"column":59}},"2":{"start":{"line":10,"column":32},"end":{"line":10,"column":64}},"3":{"start":{"line":10,"column":43},"end":{"line":10,"column":64}},"4":{"start":{"line":13,"column":21},"end":{"line":107,"column":1}},"5":{"start":{"line":14,"column":23},"end":{"line":14,"column":54}},"6":{"start":{"line":15,"column":28},"end":{"line":15,"column":64}},"7":{"start":{"line":17,"column":36},"end":{"line":17,"column":48}},"8":{"start":{"line":18,"column":36},"end":{"line":18,"column":48}},"9":{"start":{"line":20,"column":21},"end":{"line":20,"column":34}},"10":{"start":{"line":21,"column":21},"end":{"line":21,"column":34}},"11":{"start":{"line":24,"column":4},"end":{"line":106,"column":5}},"12":{"start":{"line":50,"column":33},"end":{"line":50,"column":60}},"13":{"start":{"line":59,"column":33},"end":{"line":59,"column":60}},"14":{"start":{"line":71,"column":20},"end":{"line":76,"column":23}},"15":{"start":{"line":72,"column":24},"end":{"line":72,"column":80}},"16":{"start":{"line":72,"column":54},"end":{"line":72,"column":80}},"17":{"start":{"line":73,"column":24},"end":{"line":73,"column":78}},"18":{"start":{"line":73,"column":53},"end":{"line":73,"column":78}},"19":{"start":{"line":75,"column":24},"end":{"line":75,"column":35}}},"fnMap":{"0":{"name":"(anonymous_0)","decl":{"start":{"line":9,"column":27},"end":{"line":9,"column":28}},"loc":{"start":{"line":9,"column":38},"end":{"line":9,"column":59}},"line":9},"1":{"name":"(anonymous_1)","decl":{"start":{"line":10,"column":32},"end":{"line":10,"column":33}},"loc":{"start":{"line":10,"column":43},"end":{"line":10,"column":64}},"line":10},"2":{"name":"(anonymous_2)","decl":{"start":{"line":13,"column":21},"end":{"line":13,"column":22}},"loc":{"start":{"line":13,"column":27},"end":{"line":107,"column":1}},"line":13},"3":{"name":"(anonymous_3)","decl":{"start":{"line":50,"column":26},"end":{"line":50,"column":27}},"loc":{"start":{"line":50,"column":33},"end":{"line":50,"column":60}},"line":50},"4":{"name":"(anonymous_4)","decl":{"start":{"line":59,"column":26},"end":{"line":59,"column":27}},"loc":{"start":{"line":59,"column":33},"end":{"line":59,"column":60}},"line":59},"5":{"name":"(anonymous_5)","decl":{"start":{"line":70,"column":25},"end":{"line":70,"column":26}},"loc":{"start":{"line":70,"column":31},"end":{"line":77,"column":17}},"line":70},"6":{"name":"(anonymous_6)","decl":{"start":{"line":71,"column":61},"end":{"line":71,"column":62}},"loc":{"start":{"line":71,"column":71},"end":{"line":74,"column":21}},"line":71},"7":{"name":"(anonymous_7)","decl":{"start":{"line":74,"column":29},"end":{"line":74,"column":30}},"loc":{"start":{"line":74,"column":36},"end":{"line":76,"column":21}},"line":74}},"branchMap":{"0":{"loc":{"start":{"line":72,"column":24},"end":{"line":72,"column":80}},"type":"if","locations":[{"start":{"line":72,"column":24},"end":{"line":72,"column":80}},{"start":{},"end":{}}],"line":72},"1":{"loc":{"start":{"line":73,"column":24},"end":{"line":73,"column":78}},"type":"if","locations":[{"start":{"line":73,"column":24},"end":{"line":73,"column":78}},{"start":{},"end":{}}],"line":73},"2":{"loc":{"start":{"line":98,"column":9},"end":{"line":99,"column":46}},"type":"binary-expr","locations":[{"start":{"line":98,"column":9},"end":{"line":98,"column":28}},{"start":{"line":99,"column":12},"end":{"line":99,"column":46}}],"line":98},"3":{"loc":{"start":{"line":101,"column":9},"end":{"line":102,"column":47}},"type":"binary-expr","locations":[{"start":{"line":101,"column":9},"end":{"line":101,"column":33}},{"start":{"line":102,"column":12},"end":{"line":102,"column":47}}],"line":101}},"s":{"0":1,"1":8,"2":1,"3":8,"4":1,"5":10,"6":10,"7":10,"8":10,"9":10,"10":10,"11":10,"12":1,"13":1,"14":0,"15":0,"16":0,"17":0,"18":0,"19":0},"f":{"0":8,"1":8,"2":10,"3":1,"4":1,"5":0,"6":0,"7":0},"b":{"0":[0,0],"1":[0,0],"2":[10,0],"3":[10,0]},"_coverageSchema":"1a1c01bbd47fc00a2c39e90264f33305004495a9","hash":"3aa7d0fbb77ea4e09cd23a44c00189f622de3f0a"}
,"/home/karina/E05/frontend/src/components/auth/register.component.js": {"path":"/home/karina/E05/frontend/src/components/auth/register.component.js","statementMap":{"0":{"start":{"line":9,"column":24},"end":{"line":88,"column":1}},"1":{"start":{"line":10,"column":36},"end":{"line":10,"column":48}},"2":{"start":{"line":11,"column":30},"end":{"line":11,"column":42}},"3":{"start":{"line":12,"column":36},"end":{"line":12,"column":48}},"4":{"start":{"line":14,"column":21},"end":{"line":14,"column":34}},"5":{"start":{"line":15,"column":21},"end":{"line":15,"column":34}},"6":{"start":{"line":17,"column":4},"end":{"line":87,"column":5}},"7":{"start":{"line":43,"column":33},"end":{"line":43,"column":60}},"8":{"start":{"line":52,"column":33},"end":{"line":52,"column":57}},"9":{"start":{"line":61,"column":33},"end":{"line":61,"column":60}},"10":{"start":{"line":72,"column":20},"end":{"line":79,"column":23}},"11":{"start":{"line":74,"column":24},"end":{"line":74,"column":47}},"12":{"start":{"line":75,"column":24},"end":{"line":75,"column":43}},"13":{"start":{"line":78,"column":24},"end":{"line":78,"column":84}}},"fnMap":{"0":{"name":"(anonymous_0)","decl":{"start":{"line":9,"column":24},"end":{"line":9,"column":25}},"loc":{"start":{"line":9,"column":30},"end":{"line":88,"column":1}},"line":9},"1":{"name":"(anonymous_1)","decl":{"start":{"line":43,"column":26},"end":{"line":43,"column":27}},"loc":{"start":{"line":43,"column":33},"end":{"line":43,"column":60}},"line":43},"2":{"name":"(anonymous_2)","decl":{"start":{"line":52,"column":26},"end":{"line":52,"column":27}},"loc":{"start":{"line":52,"column":33},"end":{"line":52,"column":57}},"line":52},"3":{"name":"(anonymous_3)","decl":{"start":{"line":61,"column":26},"end":{"line":61,"column":27}},"loc":{"start":{"line":61,"column":33},"end":{"line":61,"column":60}},"line":61},"4":{"name":"(anonymous_4)","decl":{"start":{"line":71,"column":25},"end":{"line":71,"column":26}},"loc":{"start":{"line":71,"column":31},"end":{"line":80,"column":17}},"line":71},"5":{"name":"(anonymous_5)","decl":{"start":{"line":73,"column":26},"end":{"line":73,"column":27}},"loc":{"start":{"line":73,"column":32},"end":{"line":76,"column":21}},"line":73},"6":{"name":"(anonymous_6)","decl":{"start":{"line":77,"column":27},"end":{"line":77,"column":28}},"loc":{"start":{"line":77,"column":33},"end":{"line":79,"column":21}},"line":77}},"branchMap":{},"s":{"0":1,"1":11,"2":11,"3":11,"4":11,"5":11,"6":11,"7":1,"8":1,"9":1,"10":0,"11":0,"12":0,"13":0},"f":{"0":11,"1":1,"2":1,"3":1,"4":0,"5":0,"6":0},"b":{},"_coverageSchema":"1a1c01bbd47fc00a2c39e90264f33305004495a9","hash":"fdf42ee50256936009c5757663bd2c2ff2f9a140"}
,"/home/karina/E05/frontend/src/components/film/film.component.js": {"path":"/home/karina/E05/frontend/src/components/film/film.component.js","statementMap":{"0":{"start":{"line":21,"column":32},"end":{"line":21,"column":69}},"1":{"start":{"line":21,"column":43},"end":{"line":21,"column":69}},"2":{"start":{"line":22,"column":27},"end":{"line":22,"column":59}},"3":{"start":{"line":22,"column":38},"end":{"line":22,"column":59}},"4":{"start":{"line":23,"column":25},"end":{"line":23,"column":58}},"5":{"start":{"line":23,"column":36},"end":{"line":23,"column":58}},"6":{"start":{"line":25,"column":20},"end":{"line":245,"column":1}},"7":{"start":{"line":26,"column":19},"end":{"line":26,"column":32}},"8":{"start":{"line":27,"column":19},"end":{"line":27,"column":32}},"9":{"start":{"line":28,"column":19},"end":{"line":28,"column":32}},"10":{"start":{"line":30,"column":26},"end":{"line":30,"column":62}},"11":{"start":{"line":31,"column":21},"end":{"line":31,"column":52}},"12":{"start":{"line":32,"column":19},"end":{"line":32,"column":48}},"13":{"start":{"line":34,"column":30},"end":{"line":34,"column":45}},"14":{"start":{"line":35,"column":28},"end":{"line":35,"column":38}},"15":{"start":{"line":36,"column":40},"end":{"line":36,"column":50}},"16":{"start":{"line":37,"column":26},"end":{"line":37,"column":36}},"17":{"start":{"line":38,"column":28},"end":{"line":38,"column":40}},"18":{"start":{"line":39,"column":32},"end":{"line":39,"column":44}},"19":{"start":{"line":40,"column":40},"end":{"line":40,"column":52}},"20":{"start":{"line":42,"column":32},"end":{"line":42,"column":42}},"21":{"start":{"line":44,"column":20},"end":{"line":44,"column":118}},"22":{"start":{"line":45,"column":21},"end":{"line":45,"column":83}},"23":{"start":{"line":48,"column":22},"end":{"line":56,"column":3}},"24":{"start":{"line":49,"column":22},"end":{"line":49,"column":34}},"25":{"start":{"line":50,"column":4},"end":{"line":54,"column":5}},"26":{"start":{"line":51,"column":6},"end":{"line":51,"column":53}},"27":{"start":{"line":53,"column":5},"end":{"line":53,"column":64}},"28":{"start":{"line":55,"column":4},"end":{"line":55,"column":28}},"29":{"start":{"line":58,"column":2},"end":{"line":244,"column":4}},"30":{"start":{"line":72,"column":92},"end":{"line":72,"column":108}},"31":{"start":{"line":76,"column":59},"end":{"line":76,"column":76}},"32":{"start":{"line":85,"column":30},"end":{"line":93,"column":36}},"33":{"start":{"line":91,"column":51},"end":{"line":91,"column":81}},"34":{"start":{"line":102,"column":41},"end":{"line":102,"column":43}},"35":{"start":{"line":103,"column":28},"end":{"line":105,"column":31}},"36":{"start":{"line":104,"column":30},"end":{"line":104,"column":82}},"37":{"start":{"line":104,"column":62},"end":{"line":104,"column":82}},"38":{"start":{"line":106,"column":44},"end":{"line":109,"column":29}},"39":{"start":{"line":110,"column":28},"end":{"line":110,"column":48}},"40":{"start":{"line":111,"column":28},"end":{"line":117,"column":33}},"41":{"start":{"line":113,"column":34},"end":{"line":113,"column":60}},"42":{"start":{"line":116,"column":34},"end":{"line":116,"column":45}},"43":{"start":{"line":131,"column":26},"end":{"line":136,"column":31}},"44":{"start":{"line":133,"column":30},"end":{"line":133,"column":52}},"45":{"start":{"line":135,"column":32},"end":{"line":135,"column":49}},"46":{"start":{"line":139,"column":98},"end":{"line":139,"column":109}},"47":{"start":{"line":143,"column":62},"end":{"line":143,"column":74}},"48":{"start":{"line":154,"column":49},"end":{"line":154,"column":73}},"49":{"start":{"line":160,"column":49},"end":{"line":160,"column":79}},"50":{"start":{"line":166,"column":49},"end":{"line":166,"column":72}},"51":{"start":{"line":169,"column":32},"end":{"line":172,"column":38}},"52":{"start":{"line":177,"column":47},"end":{"line":177,"column":71}},"53":{"start":{"line":185,"column":47},"end":{"line":191,"column":31}},"54":{"start":{"line":192,"column":30},"end":{"line":197,"column":33}},"55":{"start":{"line":194,"column":32},"end":{"line":194,"column":54}},"56":{"start":{"line":196,"column":34},"end":{"line":196,"column":51}},"57":{"start":{"line":223,"column":103},"end":{"line":223,"column":113}}},"fnMap":{"0":{"name":"(anonymous_0)","decl":{"start":{"line":21,"column":32},"end":{"line":21,"column":33}},"loc":{"start":{"line":21,"column":43},"end":{"line":21,"column":69}},"line":21},"1":{"name":"(anonymous_1)","decl":{"start":{"line":22,"column":27},"end":{"line":22,"column":28}},"loc":{"start":{"line":22,"column":38},"end":{"line":22,"column":59}},"line":22},"2":{"name":"(anonymous_2)","decl":{"start":{"line":23,"column":25},"end":{"line":23,"column":26}},"loc":{"start":{"line":23,"column":36},"end":{"line":23,"column":58}},"line":23},"3":{"name":"(anonymous_3)","decl":{"start":{"line":25,"column":20},"end":{"line":25,"column":21}},"loc":{"start":{"line":25,"column":26},"end":{"line":245,"column":1}},"line":25},"4":{"name":"(anonymous_4)","decl":{"start":{"line":48,"column":22},"end":{"line":48,"column":23}},"loc":{"start":{"line":48,"column":33},"end":{"line":56,"column":3}},"line":48},"5":{"name":"(anonymous_5)","decl":{"start":{"line":72,"column":86},"end":{"line":72,"column":87}},"loc":{"start":{"line":72,"column":92},"end":{"line":72,"column":108}},"line":72},"6":{"name":"(anonymous_6)","decl":{"start":{"line":76,"column":53},"end":{"line":76,"column":54}},"loc":{"start":{"line":76,"column":59},"end":{"line":76,"column":76}},"line":76},"7":{"name":"(anonymous_7)","decl":{"start":{"line":84,"column":44},"end":{"line":84,"column":45}},"loc":{"start":{"line":85,"column":30},"end":{"line":93,"column":36}},"line":85},"8":{"name":"(anonymous_8)","decl":{"start":{"line":91,"column":44},"end":{"line":91,"column":45}},"loc":{"start":{"line":91,"column":51},"end":{"line":91,"column":81}},"line":91},"9":{"name":"(anonymous_9)","decl":{"start":{"line":100,"column":59},"end":{"line":100,"column":60}},"loc":{"start":{"line":101,"column":26},"end":{"line":118,"column":27}},"line":101},"10":{"name":"(anonymous_10)","decl":{"start":{"line":103,"column":51},"end":{"line":103,"column":52}},"loc":{"start":{"line":103,"column":57},"end":{"line":105,"column":29}},"line":103},"11":{"name":"(anonymous_11)","decl":{"start":{"line":112,"column":36},"end":{"line":112,"column":37}},"loc":{"start":{"line":112,"column":44},"end":{"line":114,"column":31}},"line":112},"12":{"name":"(anonymous_12)","decl":{"start":{"line":115,"column":37},"end":{"line":115,"column":38}},"loc":{"start":{"line":115,"column":44},"end":{"line":117,"column":31}},"line":115},"13":{"name":"(anonymous_13)","decl":{"start":{"line":130,"column":33},"end":{"line":130,"column":34}},"loc":{"start":{"line":130,"column":39},"end":{"line":137,"column":23}},"line":130},"14":{"name":"(anonymous_14)","decl":{"start":{"line":132,"column":34},"end":{"line":132,"column":35}},"loc":{"start":{"line":132,"column":42},"end":{"line":134,"column":29}},"line":132},"15":{"name":"(anonymous_15)","decl":{"start":{"line":134,"column":37},"end":{"line":134,"column":38}},"loc":{"start":{"line":134,"column":44},"end":{"line":136,"column":29}},"line":134},"16":{"name":"(anonymous_16)","decl":{"start":{"line":139,"column":92},"end":{"line":139,"column":93}},"loc":{"start":{"line":139,"column":98},"end":{"line":139,"column":109}},"line":139},"17":{"name":"(anonymous_17)","decl":{"start":{"line":143,"column":56},"end":{"line":143,"column":57}},"loc":{"start":{"line":143,"column":62},"end":{"line":143,"column":74}},"line":143},"18":{"name":"(anonymous_18)","decl":{"start":{"line":154,"column":42},"end":{"line":154,"column":43}},"loc":{"start":{"line":154,"column":49},"end":{"line":154,"column":73}},"line":154},"19":{"name":"(anonymous_19)","decl":{"start":{"line":160,"column":42},"end":{"line":160,"column":43}},"loc":{"start":{"line":160,"column":49},"end":{"line":160,"column":79}},"line":160},"20":{"name":"(anonymous_20)","decl":{"start":{"line":166,"column":42},"end":{"line":166,"column":43}},"loc":{"start":{"line":166,"column":49},"end":{"line":166,"column":72}},"line":166},"21":{"name":"(anonymous_21)","decl":{"start":{"line":168,"column":45},"end":{"line":168,"column":46}},"loc":{"start":{"line":169,"column":32},"end":{"line":172,"column":38}},"line":169},"22":{"name":"(anonymous_22)","decl":{"start":{"line":177,"column":40},"end":{"line":177,"column":41}},"loc":{"start":{"line":177,"column":47},"end":{"line":177,"column":71}},"line":177},"23":{"name":"(anonymous_23)","decl":{"start":{"line":183,"column":61},"end":{"line":183,"column":62}},"loc":{"start":{"line":184,"column":28},"end":{"line":198,"column":29}},"line":184},"24":{"name":"(anonymous_24)","decl":{"start":{"line":193,"column":36},"end":{"line":193,"column":37}},"loc":{"start":{"line":193,"column":44},"end":{"line":195,"column":31}},"line":193},"25":{"name":"(anonymous_25)","decl":{"start":{"line":195,"column":39},"end":{"line":195,"column":40}},"loc":{"start":{"line":195,"column":46},"end":{"line":197,"column":31}},"line":195},"26":{"name":"(anonymous_26)","decl":{"start":{"line":223,"column":94},"end":{"line":223,"column":95}},"loc":{"start":{"line":223,"column":103},"end":{"line":223,"column":113}},"line":223}},"branchMap":{"0":{"loc":{"start":{"line":50,"column":4},"end":{"line":54,"column":5}},"type":"if","locations":[{"start":{"line":50,"column":4},"end":{"line":54,"column":5}},{"start":{"line":52,"column":11},"end":{"line":54,"column":5}}],"line":50},"1":{"loc":{"start":{"line":70,"column":20},"end":{"line":124,"column":21}},"type":"binary-expr","locations":[{"start":{"line":70,"column":20},"end":{"line":70,"column":30}},{"start":{"line":71,"column":20},"end":{"line":123,"column":23}}],"line":70},"2":{"loc":{"start":{"line":104,"column":30},"end":{"line":104,"column":82}},"type":"if","locations":[{"start":{"line":104,"column":30},"end":{"line":104,"column":82}},{"start":{},"end":{}}],"line":104},"3":{"loc":{"start":{"line":127,"column":20},"end":{"line":204,"column":23}},"type":"binary-expr","locations":[{"start":{"line":127,"column":20},"end":{"line":127,"column":35}},{"start":{"line":128,"column":20},"end":{"line":203,"column":26}}],"line":127}},"s":{"0":1,"1":4,"2":1,"3":4,"4":1,"5":4,"6":1,"7":5,"8":4,"9":4,"10":4,"11":4,"12":4,"13":4,"14":4,"15":4,"16":4,"17":4,"18":4,"19":4,"20":4,"21":4,"22":4,"23":4,"24":0,"25":0,"26":0,"27":0,"28":0,"29":4,"30":0,"31":0,"32":0,"33":0,"34":0,"35":0,"36":0,"37":0,"38":0,"39":0,"40":0,"41":0,"42":0,"43":0,"44":0,"45":0,"46":0,"47":0,"48":0,"49":0,"50":0,"51":0,"52":0,"53":0,"54":0,"55":0,"56":0,"57":0},"f":{"0":4,"1":4,"2":4,"3":5,"4":0,"5":0,"6":0,"7":0,"8":0,"9":0,"10":0,"11":0,"12":0,"13":0,"14":0,"15":0,"16":0,"17":0,"18":0,"19":0,"20":0,"21":0,"22":0,"23":0,"24":0,"25":0,"26":0},"b":{"0":[0,0],"1":[4,0],"2":[0,0],"3":[4,0]},"_coverageSchema":"1a1c01bbd47fc00a2c39e90264f33305004495a9","hash":"3c0e06104b29232eb88fd9ae0e3217e5616ea7a6"}
,"/home/karina/E05/frontend/src/components/home/home.component.js": {"path":"/home/karina/E05/frontend/src/components/home/home.component.js","statementMap":{"0":{"start":{"line":10,"column":20},"end":{"line":45,"column":1}},"1":{"start":{"line":11,"column":2},"end":{"line":44,"column":4}}},"fnMap":{"0":{"name":"(anonymous_0)","decl":{"start":{"line":10,"column":20},"end":{"line":10,"column":21}},"loc":{"start":{"line":10,"column":26},"end":{"line":45,"column":1}},"line":10}},"branchMap":{},"s":{"0":1,"1":7},"f":{"0":7},"b":{},"_coverageSchema":"1a1c01bbd47fc00a2c39e90264f33305004495a9","hash":"11e2d3d5dc521bfa6db6f1289c27ccd71c340107"}
,"/home/karina/E05/frontend/src/components/navbar/navbar.component.js": {"path":"/home/karina/E05/frontend/src/components/navbar/navbar.component.js","statementMap":{"0":{"start":{"line":19,"column":27},"end":{"line":19,"column":59}},"1":{"start":{"line":19,"column":38},"end":{"line":19,"column":59}},"2":{"start":{"line":20,"column":32},"end":{"line":20,"column":69}},"3":{"start":{"line":20,"column":43},"end":{"line":20,"column":69}},"4":{"start":{"line":21,"column":25},"end":{"line":21,"column":58}},"5":{"start":{"line":21,"column":36},"end":{"line":21,"column":58}},"6":{"start":{"line":23,"column":22},"end":{"line":170,"column":1}},"7":{"start":{"line":24,"column":19},"end":{"line":24,"column":32}},"8":{"start":{"line":25,"column":19},"end":{"line":25,"column":32}},"9":{"start":{"line":26,"column":21},"end":{"line":26,"column":52}},"10":{"start":{"line":27,"column":26},"end":{"line":27,"column":62}},"11":{"start":{"line":28,"column":19},"end":{"line":28,"column":48}},"12":{"start":{"line":29,"column":44},"end":{"line":29,"column":59}},"13":{"start":{"line":32,"column":2},"end":{"line":169,"column":4}},"14":{"start":{"line":74,"column":27},"end":{"line":74,"column":59}},"15":{"start":{"line":87,"column":30},"end":{"line":87,"column":48}},"16":{"start":{"line":97,"column":30},"end":{"line":97,"column":48}},"17":{"start":{"line":109,"column":18},"end":{"line":109,"column":78}},"18":{"start":{"line":109,"column":52},"end":{"line":109,"column":78}},"19":{"start":{"line":110,"column":18},"end":{"line":110,"column":76}},"20":{"start":{"line":110,"column":51},"end":{"line":110,"column":76}},"21":{"start":{"line":125,"column":18},"end":{"line":125,"column":78}},"22":{"start":{"line":125,"column":52},"end":{"line":125,"column":78}},"23":{"start":{"line":126,"column":18},"end":{"line":126,"column":76}},"24":{"start":{"line":126,"column":51},"end":{"line":126,"column":76}},"25":{"start":{"line":160,"column":31},"end":{"line":160,"column":118}}},"fnMap":{"0":{"name":"(anonymous_0)","decl":{"start":{"line":19,"column":27},"end":{"line":19,"column":28}},"loc":{"start":{"line":19,"column":38},"end":{"line":19,"column":59}},"line":19},"1":{"name":"(anonymous_1)","decl":{"start":{"line":20,"column":32},"end":{"line":20,"column":33}},"loc":{"start":{"line":20,"column":43},"end":{"line":20,"column":69}},"line":20},"2":{"name":"(anonymous_2)","decl":{"start":{"line":21,"column":25},"end":{"line":21,"column":26}},"loc":{"start":{"line":21,"column":36},"end":{"line":21,"column":58}},"line":21},"3":{"name":"(anonymous_3)","decl":{"start":{"line":23,"column":22},"end":{"line":23,"column":23}},"loc":{"start":{"line":23,"column":28},"end":{"line":170,"column":1}},"line":23},"4":{"name":"(anonymous_4)","decl":{"start":{"line":74,"column":21},"end":{"line":74,"column":22}},"loc":{"start":{"line":74,"column":27},"end":{"line":74,"column":59}},"line":74},"5":{"name":"(anonymous_5)","decl":{"start":{"line":87,"column":23},"end":{"line":87,"column":24}},"loc":{"start":{"line":87,"column":29},"end":{"line":87,"column":49}},"line":87},"6":{"name":"(anonymous_6)","decl":{"start":{"line":97,"column":23},"end":{"line":97,"column":24}},"loc":{"start":{"line":97,"column":29},"end":{"line":97,"column":49}},"line":97},"7":{"name":"(anonymous_7)","decl":{"start":{"line":108,"column":25},"end":{"line":108,"column":26}},"loc":{"start":{"line":108,"column":31},"end":{"line":111,"column":17}},"line":108},"8":{"name":"(anonymous_8)","decl":{"start":{"line":124,"column":25},"end":{"line":124,"column":26}},"loc":{"start":{"line":124,"column":31},"end":{"line":127,"column":17}},"line":124},"9":{"name":"(anonymous_9)","decl":{"start":{"line":160,"column":23},"end":{"line":160,"column":24}},"loc":{"start":{"line":160,"column":29},"end":{"line":161,"column":15}},"line":160}},"branchMap":{"0":{"loc":{"start":{"line":80,"column":14},"end":{"line":88,"column":38}},"type":"binary-expr","locations":[{"start":{"line":80,"column":14},"end":{"line":80,"column":24}},{"start":{"line":81,"column":14},"end":{"line":88,"column":37}}],"line":80},"1":{"loc":{"start":{"line":90,"column":14},"end":{"line":98,"column":38}},"type":"binary-expr","locations":[{"start":{"line":90,"column":14},"end":{"line":90,"column":29}},{"start":{"line":91,"column":14},"end":{"line":98,"column":37}}],"line":90},"2":{"loc":{"start":{"line":101,"column":14},"end":{"line":115,"column":15}},"type":"binary-expr","locations":[{"start":{"line":101,"column":14},"end":{"line":101,"column":24}},{"start":{"line":102,"column":14},"end":{"line":114,"column":23}}],"line":101},"3":{"loc":{"start":{"line":109,"column":18},"end":{"line":109,"column":78}},"type":"if","locations":[{"start":{"line":109,"column":18},"end":{"line":109,"column":78}},{"start":{},"end":{}}],"line":109},"4":{"loc":{"start":{"line":110,"column":18},"end":{"line":110,"column":76}},"type":"if","locations":[{"start":{"line":110,"column":18},"end":{"line":110,"column":76}},{"start":{},"end":{}}],"line":110},"5":{"loc":{"start":{"line":117,"column":14},"end":{"line":131,"column":15}},"type":"binary-expr","locations":[{"start":{"line":117,"column":14},"end":{"line":117,"column":29}},{"start":{"line":118,"column":14},"end":{"line":130,"column":23}}],"line":117},"6":{"loc":{"start":{"line":125,"column":18},"end":{"line":125,"column":78}},"type":"if","locations":[{"start":{"line":125,"column":18},"end":{"line":125,"column":78}},{"start":{},"end":{}}],"line":125},"7":{"loc":{"start":{"line":126,"column":18},"end":{"line":126,"column":76}},"type":"if","locations":[{"start":{"line":126,"column":18},"end":{"line":126,"column":76}},{"start":{},"end":{}}],"line":126},"8":{"loc":{"start":{"line":133,"column":14},"end":{"line":141,"column":39}},"type":"binary-expr","locations":[{"start":{"line":133,"column":15},"end":{"line":133,"column":26}},{"start":{"line":133,"column":30},"end":{"line":133,"column":46}},{"start":{"line":134,"column":14},"end":{"line":141,"column":38}}],"line":133},"9":{"loc":{"start":{"line":143,"column":14},"end":{"line":151,"column":33}},"type":"binary-expr","locations":[{"start":{"line":143,"column":15},"end":{"line":143,"column":26}},{"start":{"line":143,"column":30},"end":{"line":143,"column":46}},{"start":{"line":144,"column":14},"end":{"line":151,"column":32}}],"line":143}},"s":{"0":1,"1":10,"2":1,"3":10,"4":1,"5":10,"6":1,"7":10,"8":10,"9":10,"10":10,"11":10,"12":10,"13":10,"14":0,"15":0,"16":0,"17":0,"18":0,"19":0,"20":0,"21":0,"22":0,"23":0,"24":0,"25":0},"f":{"0":10,"1":10,"2":10,"3":10,"4":0,"5":0,"6":0,"7":0,"8":0,"9":0},"b":{"0":[10,0],"1":[10,0],"2":[10,0],"3":[0,0],"4":[0,0],"5":[10,0],"6":[0,0],"7":[0,0],"8":[10,10,10],"9":[10,10,10]},"_coverageSchema":"1a1c01bbd47fc00a2c39e90264f33305004495a9","hash":"5beda9e51d1eee81dc6e540001d7d8429e460cac"}
,"/home/karina/E05/frontend/src/reducers/auth.reducer.js": {"path":"/home/karina/E05/frontend/src/reducers/auth.reducer.js","statementMap":{"0":{"start":{"line":11,"column":13},"end":{"line":11,"column":53}},"1":{"start":{"line":14,"column":21},"end":{"line":16,"column":37}},"2":{"start":{"line":20,"column":28},"end":{"line":20,"column":34}},"3":{"start":{"line":22,"column":2},"end":{"line":68,"column":3}},"4":{"start":{"line":24,"column":6},"end":{"line":28,"column":8}},"5":{"start":{"line":30,"column":6},"end":{"line":34,"column":8}},"6":{"start":{"line":36,"column":6},"end":{"line":40,"column":8}},"7":{"start":{"line":42,"column":6},"end":{"line":46,"column":8}},"8":{"start":{"line":48,"column":6},"end":{"line":53,"column":8}},"9":{"start":{"line":55,"column":6},"end":{"line":60,"column":8}},"10":{"start":{"line":67,"column":6},"end":{"line":67,"column":19}}},"fnMap":{"0":{"name":"(anonymous_0)","decl":{"start":{"line":19,"column":15},"end":{"line":19,"column":16}},"loc":{"start":{"line":19,"column":55},"end":{"line":69,"column":1}},"line":19}},"branchMap":{"0":{"loc":{"start":{"line":14,"column":21},"end":{"line":16,"column":37}},"type":"cond-expr","locations":[{"start":{"line":15,"column":2},"end":{"line":15,"column":90}},{"start":{"line":16,"column":4},"end":{"line":16,"column":37}}],"line":14},"1":{"loc":{"start":{"line":15,"column":2},"end":{"line":15,"column":90}},"type":"cond-expr","locations":[{"start":{"line":15,"column":31},"end":{"line":15,"column":61}},{"start":{"line":15,"column":64},"end":{"line":15,"column":90}}],"line":15},"2":{"loc":{"start":{"line":19,"column":25},"end":{"line":19,"column":45}},"type":"default-arg","locations":[{"start":{"line":19,"column":33},"end":{"line":19,"column":45}}],"line":19},"3":{"loc":{"start":{"line":22,"column":2},"end":{"line":68,"column":3}},"type":"switch","locations":[{"start":{"line":23,"column":4},"end":{"line":28,"column":8}},{"start":{"line":29,"column":4},"end":{"line":34,"column":8}},{"start":{"line":35,"column":4},"end":{"line":40,"column":8}},{"start":{"line":41,"column":4},"end":{"line":46,"column":8}},{"start":{"line":47,"column":4},"end":{"line":53,"column":8}},{"start":{"line":54,"column":4},"end":{"line":60,"column":8}},{"start":{"line":66,"column":4},"end":{"line":67,"column":19}}],"line":22}},"s":{"0":5,"1":5,"2":15,"3":15,"4":0,"5":0,"6":0,"7":0,"8":0,"9":0,"10":15},"f":{"0":15},"b":{"0":[0,5],"1":[0,0],"2":[15],"3":[0,0,0,0,0,0,15]},"_coverageSchema":"1a1c01bbd47fc00a2c39e90264f33305004495a9","hash":"4a7ac0314f4a0717cc6bec9df3fe0050e06fcdcc"}
,"/home/karina/E05/frontend/src/reducers/index.js": {"path":"/home/karina/E05/frontend/src/reducers/index.js","statementMap":{},"fnMap":{},"branchMap":{},"s":{},"f":{},"b":{},"_coverageSchema":"1a1c01bbd47fc00a2c39e90264f33305004495a9","hash":"782eff409c2639338db91fd66a01dcc47c4a3bc3"}
,"/home/karina/E05/frontend/src/reducers/message.js": {"path":"/home/karina/E05/frontend/src/reducers/message.js","statementMap":{"0":{"start":{"line":3,"column":21},"end":{"line":3,"column":23}},"1":{"start":{"line":6,"column":28},"end":{"line":6,"column":34}},"2":{"start":{"line":8,"column":2},"end":{"line":17,"column":3}},"3":{"start":{"line":10,"column":6},"end":{"line":10,"column":34}},"4":{"start":{"line":13,"column":6},"end":{"line":13,"column":29}},"5":{"start":{"line":16,"column":6},"end":{"line":16,"column":19}}},"fnMap":{"0":{"name":"(anonymous_0)","decl":{"start":{"line":5,"column":15},"end":{"line":5,"column":16}},"loc":{"start":{"line":5,"column":55},"end":{"line":18,"column":1}},"line":5}},"branchMap":{"0":{"loc":{"start":{"line":5,"column":25},"end":{"line":5,"column":45}},"type":"default-arg","locations":[{"start":{"line":5,"column":33},"end":{"line":5,"column":45}}],"line":5},"1":{"loc":{"start":{"line":8,"column":2},"end":{"line":17,"column":3}},"type":"switch","locations":[{"start":{"line":9,"column":4},"end":{"line":10,"column":34}},{"start":{"line":12,"column":4},"end":{"line":13,"column":29}},{"start":{"line":15,"column":4},"end":{"line":16,"column":19}}],"line":8}},"s":{"0":5,"1":15,"2":15,"3":0,"4":0,"5":15},"f":{"0":15},"b":{"0":[15],"1":[0,0,15]},"_coverageSchema":"1a1c01bbd47fc00a2c39e90264f33305004495a9","hash":"c3e5226e78b83aad4b5ebc9e4a21338bbeaac41b"}
,"/home/karina/E05/frontend/src/services/auth.service.js": {"path":"/home/karina/E05/frontend/src/services/auth.service.js","statementMap":{"0":{"start":{"line":10,"column":19},"end":{"line":14,"column":9}},"1":{"start":{"line":15,"column":8},"end":{"line":15,"column":49}},"2":{"start":{"line":19,"column":19},"end":{"line":22,"column":9}},"3":{"start":{"line":23,"column":8},"end":{"line":29,"column":14}},"4":{"start":{"line":25,"column":16},"end":{"line":27,"column":17}},"5":{"start":{"line":26,"column":20},"end":{"line":26,"column":80}},"6":{"start":{"line":28,"column":16},"end":{"line":28,"column":37}},"7":{"start":{"line":33,"column":8},"end":{"line":33,"column":40}}},"fnMap":{"0":{"name":"(anonymous_0)","decl":{"start":{"line":9,"column":4},"end":{"line":9,"column":5}},"loc":{"start":{"line":9,"column":36},"end":{"line":16,"column":5}},"line":9},"1":{"name":"(anonymous_1)","decl":{"start":{"line":18,"column":4},"end":{"line":18,"column":5}},"loc":{"start":{"line":18,"column":26},"end":{"line":30,"column":5}},"line":18},"2":{"name":"(anonymous_2)","decl":{"start":{"line":24,"column":18},"end":{"line":24,"column":19}},"loc":{"start":{"line":24,"column":32},"end":{"line":29,"column":13}},"line":24},"3":{"name":"(anonymous_3)","decl":{"start":{"line":32,"column":4},"end":{"line":32,"column":5}},"loc":{"start":{"line":32,"column":13},"end":{"line":34,"column":5}},"line":32}},"branchMap":{"0":{"loc":{"start":{"line":25,"column":16},"end":{"line":27,"column":17}},"type":"if","locations":[{"start":{"line":25,"column":16},"end":{"line":27,"column":17}},{"start":{},"end":{}}],"line":25}},"s":{"0":0,"1":0,"2":0,"3":0,"4":0,"5":0,"6":0,"7":0},"f":{"0":0,"1":0,"2":0,"3":0},"b":{"0":[0,0]},"_coverageSchema":"1a1c01bbd47fc00a2c39e90264f33305004495a9","hash":"a089c912879ed32c86131d0f479903905ff2d4f3"}
,"/home/karina/E05/frontend/src/services/item.services.js": {"path":"/home/karina/E05/frontend/src/services/item.services.js","statementMap":{"0":{"start":{"line":6,"column":8},"end":{"line":6,"column":37}},"1":{"start":{"line":9,"column":8},"end":{"line":13,"column":9}},"2":{"start":{"line":10,"column":12},"end":{"line":10,"column":61}},"3":{"start":{"line":12,"column":12},"end":{"line":12,"column":31}},"4":{"start":{"line":17,"column":8},"end":{"line":21,"column":9}},"5":{"start":{"line":18,"column":12},"end":{"line":18,"column":47}},"6":{"start":{"line":20,"column":12},"end":{"line":20,"column":31}},"7":{"start":{"line":24,"column":8},"end":{"line":28,"column":9}},"8":{"start":{"line":25,"column":12},"end":{"line":25,"column":62}},"9":{"start":{"line":27,"column":12},"end":{"line":27,"column":31}},"10":{"start":{"line":31,"column":8},"end":{"line":35,"column":9}},"11":{"start":{"line":32,"column":12},"end":{"line":32,"column":57}},"12":{"start":{"line":34,"column":12},"end":{"line":34,"column":31}},"13":{"start":{"line":38,"column":8},"end":{"line":42,"column":9}},"14":{"start":{"line":39,"column":12},"end":{"line":39,"column":48}},"15":{"start":{"line":41,"column":12},"end":{"line":41,"column":31}}},"fnMap":{"0":{"name":"(anonymous_0)","decl":{"start":{"line":5,"column":4},"end":{"line":5,"column":5}},"loc":{"start":{"line":5,"column":21},"end":{"line":7,"column":5}},"line":5},"1":{"name":"(anonymous_1)","decl":{"start":{"line":8,"column":4},"end":{"line":8,"column":5}},"loc":{"start":{"line":8,"column":32},"end":{"line":14,"column":5}},"line":8},"2":{"name":"(anonymous_2)","decl":{"start":{"line":16,"column":4},"end":{"line":16,"column":5}},"loc":{"start":{"line":16,"column":34},"end":{"line":22,"column":5}},"line":16},"3":{"name":"(anonymous_3)","decl":{"start":{"line":23,"column":4},"end":{"line":23,"column":5}},"loc":{"start":{"line":23,"column":41},"end":{"line":29,"column":5}},"line":23},"4":{"name":"(anonymous_4)","decl":{"start":{"line":30,"column":4},"end":{"line":30,"column":5}},"loc":{"start":{"line":30,"column":35},"end":{"line":36,"column":5}},"line":30},"5":{"name":"(anonymous_5)","decl":{"start":{"line":37,"column":4},"end":{"line":37,"column":5}},"loc":{"start":{"line":37,"column":31},"end":{"line":43,"column":5}},"line":37}},"branchMap":{},"s":{"0":0,"1":0,"2":0,"3":0,"4":0,"5":0,"6":0,"7":0,"8":0,"9":0,"10":0,"11":0,"12":0,"13":0,"14":0,"15":0},"f":{"0":0,"1":0,"2":0,"3":0,"4":0,"5":0},"b":{},"_coverageSchema":"1a1c01bbd47fc00a2c39e90264f33305004495a9","hash":"dfd6d319f6e5f25f49b10201356b5aff0e2776cb"}
}
