TN:
SF:testUtils.js
FN:9,(anonymous_0)
FNF:1
FNH:1
FNDA:34,(anonymous_0)
DA:9,34
LF:1
LH:1
BRF:0
BRH:0
end_of_record
TN:
SF:src/http-common.js
FNF:0
FNH:0
LF:0
LH:0
BRF:0
BRH:0
end_of_record
TN:
SF:src/store.js
FNF:0
FNH:0
DA:6,5
DA:8,5
LF:2
LH:2
BRF:0
BRH:0
end_of_record
TN:
SF:src/actions/auth.action.js
FN:13,(anonymous_0)
FN:13,(anonymous_1)
FN:15,(anonymous_2)
FN:28,(anonymous_3)
FN:47,(anonymous_4)
FN:47,(anonymous_5)
FN:49,(anonymous_6)
FN:65,(anonymous_7)
FN:84,(anonymous_8)
FN:84,(anonymous_9)
FNF:10
FNH:0
FNDA:0,(anonymous_0)
FNDA:0,(anonymous_1)
FNDA:0,(anonymous_2)
FNDA:0,(anonymous_3)
FNDA:0,(anonymous_4)
FNDA:0,(anonymous_5)
FNDA:0,(anonymous_6)
FNDA:0,(anonymous_7)
FNDA:0,(anonymous_8)
FNDA:0,(anonymous_9)
DA:13,3
DA:14,0
DA:16,0
DA:21,0
DA:26,0
DA:30,0
DA:33,0
DA:37,0
DA:42,0
DA:47,3
DA:48,0
DA:50,0
DA:51,0
DA:52,0
DA:56,0
DA:58,0
DA:62,0
DA:67,0
DA:70,0
DA:74,0
DA:79,0
DA:84,3
DA:85,0
DA:87,0
LF:24
LH:3
BRDA:30,0,0,0
BRDA:30,0,1,0
BRDA:30,0,2,0
BRDA:30,0,3,0
BRDA:30,0,4,0
BRDA:51,1,0,0
BRDA:51,1,1,0
BRDA:67,2,0,0
BRDA:67,2,1,0
BRDA:67,2,2,0
BRDA:67,2,3,0
BRDA:67,2,4,0
BRF:12
BRH:0
end_of_record
TN:
SF:src/actions/types.js
FNF:0
FNH:0
DA:4,5
DA:5,5
DA:6,5
DA:7,5
DA:8,5
DA:9,5
DA:11,5
DA:12,5
DA:15,5
DA:16,5
DA:17,5
DA:18,5
DA:19,5
DA:21,5
LF:14
LH:14
BRF:0
BRH:0
end_of_record
TN:
SF:src/components/auth/login.component.js
FN:9,(anonymous_0)
FN:10,(anonymous_1)
FN:13,(anonymous_2)
FN:50,(anonymous_3)
FN:59,(anonymous_4)
FN:70,(anonymous_5)
FN:71,(anonymous_6)
FN:74,(anonymous_7)
FNF:8
FNH:5
FNDA:8,(anonymous_0)
FNDA:8,(anonymous_1)
FNDA:10,(anonymous_2)
FNDA:1,(anonymous_3)
FNDA:1,(anonymous_4)
FNDA:0,(anonymous_5)
FNDA:0,(anonymous_6)
FNDA:0,(anonymous_7)
DA:9,8
DA:10,8
DA:13,1
DA:14,10
DA:15,10
DA:17,10
DA:18,10
DA:20,10
DA:21,10
DA:24,10
DA:50,1
DA:59,1
DA:71,0
DA:72,0
DA:73,0
DA:75,0
LF:16
LH:12
BRDA:72,0,0,0
BRDA:72,0,1,0
BRDA:73,1,0,0
BRDA:73,1,1,0
BRDA:98,2,0,10
BRDA:98,2,1,0
BRDA:101,3,0,10
BRDA:101,3,1,0
BRF:8
BRH:2
end_of_record
TN:
SF:src/components/auth/register.component.js
FN:9,(anonymous_0)
FN:43,(anonymous_1)
FN:52,(anonymous_2)
FN:61,(anonymous_3)
FN:71,(anonymous_4)
FN:73,(anonymous_5)
FN:77,(anonymous_6)
FNF:7
FNH:4
FNDA:11,(anonymous_0)
FNDA:1,(anonymous_1)
FNDA:1,(anonymous_2)
FNDA:1,(anonymous_3)
FNDA:0,(anonymous_4)
FNDA:0,(anonymous_5)
FNDA:0,(anonymous_6)
DA:9,1
DA:10,11
DA:11,11
DA:12,11
DA:14,11
DA:15,11
DA:17,11
DA:43,1
DA:52,1
DA:61,1
DA:72,0
DA:74,0
DA:75,0
DA:78,0
LF:14
LH:10
BRF:0
BRH:0
end_of_record
TN:
SF:src/components/film/film.component.js
FN:21,(anonymous_0)
FN:22,(anonymous_1)
FN:23,(anonymous_2)
FN:25,(anonymous_3)
FN:48,(anonymous_4)
FN:72,(anonymous_5)
FN:76,(anonymous_6)
FN:84,(anonymous_7)
FN:91,(anonymous_8)
FN:100,(anonymous_9)
FN:103,(anonymous_10)
FN:112,(anonymous_11)
FN:115,(anonymous_12)
FN:130,(anonymous_13)
FN:132,(anonymous_14)
FN:134,(anonymous_15)
FN:139,(anonymous_16)
FN:143,(anonymous_17)
FN:154,(anonymous_18)
FN:160,(anonymous_19)
FN:166,(anonymous_20)
FN:168,(anonymous_21)
FN:177,(anonymous_22)
FN:183,(anonymous_23)
FN:193,(anonymous_24)
FN:195,(anonymous_25)
FN:223,(anonymous_26)
FNF:27
FNH:4
FNDA:4,(anonymous_0)
FNDA:4,(anonymous_1)
FNDA:4,(anonymous_2)
FNDA:5,(anonymous_3)
FNDA:0,(anonymous_4)
FNDA:0,(anonymous_5)
FNDA:0,(anonymous_6)
FNDA:0,(anonymous_7)
FNDA:0,(anonymous_8)
FNDA:0,(anonymous_9)
FNDA:0,(anonymous_10)
FNDA:0,(anonymous_11)
FNDA:0,(anonymous_12)
FNDA:0,(anonymous_13)
FNDA:0,(anonymous_14)
FNDA:0,(anonymous_15)
FNDA:0,(anonymous_16)
FNDA:0,(anonymous_17)
FNDA:0,(anonymous_18)
FNDA:0,(anonymous_19)
FNDA:0,(anonymous_20)
FNDA:0,(anonymous_21)
FNDA:0,(anonymous_22)
FNDA:0,(anonymous_23)
FNDA:0,(anonymous_24)
FNDA:0,(anonymous_25)
FNDA:0,(anonymous_26)
DA:21,4
DA:22,4
DA:23,4
DA:25,1
DA:26,5
DA:27,4
DA:28,4
DA:30,4
DA:31,4
DA:32,4
DA:34,4
DA:35,4
DA:36,4
DA:37,4
DA:38,4
DA:39,4
DA:40,4
DA:42,4
DA:44,4
DA:45,4
DA:48,4
DA:49,0
DA:50,0
DA:51,0
DA:53,0
DA:55,0
DA:58,4
DA:72,0
DA:76,0
DA:85,0
DA:91,0
DA:102,0
DA:103,0
DA:104,0
DA:106,0
DA:110,0
DA:111,0
DA:113,0
DA:116,0
DA:131,0
DA:133,0
DA:135,0
DA:139,0
DA:143,0
DA:154,0
DA:160,0
DA:166,0
DA:169,0
DA:177,0
DA:185,0
DA:192,0
DA:194,0
DA:196,0
DA:223,0
LF:54
LH:22
BRDA:50,0,0,0
BRDA:50,0,1,0
BRDA:70,1,0,4
BRDA:70,1,1,0
BRDA:104,2,0,0
BRDA:104,2,1,0
BRDA:127,3,0,4
BRDA:127,3,1,0
BRF:8
BRH:2
end_of_record
TN:
SF:src/components/home/home.component.js
FN:10,(anonymous_0)
FNF:1
FNH:1
FNDA:7,(anonymous_0)
DA:10,1
DA:11,7
LF:2
LH:2
BRF:0
BRH:0
end_of_record
TN:
SF:src/components/navbar/navbar.component.js
FN:19,(anonymous_0)
FN:20,(anonymous_1)
FN:21,(anonymous_2)
FN:23,(anonymous_3)
FN:74,(anonymous_4)
FN:87,(anonymous_5)
FN:97,(anonymous_6)
FN:108,(anonymous_7)
FN:124,(anonymous_8)
FN:160,(anonymous_9)
FNF:10
FNH:4
FNDA:10,(anonymous_0)
FNDA:10,(anonymous_1)
FNDA:10,(anonymous_2)
FNDA:10,(anonymous_3)
FNDA:0,(anonymous_4)
FNDA:0,(anonymous_5)
FNDA:0,(anonymous_6)
FNDA:0,(anonymous_7)
FNDA:0,(anonymous_8)
FNDA:0,(anonymous_9)
DA:19,10
DA:20,10
DA:21,10
DA:23,1
DA:24,10
DA:25,10
DA:26,10
DA:27,10
DA:28,10
DA:29,10
DA:32,10
DA:74,0
DA:87,0
DA:97,0
DA:109,0
DA:110,0
DA:125,0
DA:126,0
DA:160,0
LF:19
LH:11
BRDA:80,0,0,10
BRDA:80,0,1,0
BRDA:90,1,0,10
BRDA:90,1,1,0
BRDA:101,2,0,10
BRDA:101,2,1,0
BRDA:109,3,0,0
BRDA:109,3,1,0
BRDA:110,4,0,0
BRDA:110,4,1,0
BRDA:117,5,0,10
BRDA:117,5,1,0
BRDA:125,6,0,0
BRDA:125,6,1,0
BRDA:126,7,0,0
BRDA:126,7,1,0
BRDA:133,8,0,10
BRDA:133,8,1,10
BRDA:133,8,2,10
BRDA:143,9,0,10
BRDA:143,9,1,10
BRDA:143,9,2,10
BRF:22
BRH:10
end_of_record
TN:
SF:src/reducers/auth.reducer.js
FN:19,(anonymous_0)
FNF:1
FNH:1
FNDA:15,(anonymous_0)
DA:11,5
DA:14,5
DA:20,15
DA:22,15
DA:24,0
DA:30,0
DA:36,0
DA:42,0
DA:48,0
DA:55,0
DA:67,15
LF:11
LH:5
BRDA:14,0,0,0
BRDA:14,0,1,5
BRDA:15,1,0,0
BRDA:15,1,1,0
BRDA:19,2,0,15
BRDA:22,3,0,0
BRDA:22,3,1,0
BRDA:22,3,2,0
BRDA:22,3,3,0
BRDA:22,3,4,0
BRDA:22,3,5,0
BRDA:22,3,6,15
BRF:12
BRH:3
end_of_record
TN:
SF:src/reducers/index.js
FNF:0
FNH:0
LF:0
LH:0
BRF:0
BRH:0
end_of_record
TN:
SF:src/reducers/message.js
FN:5,(anonymous_0)
FNF:1
FNH:1
FNDA:15,(anonymous_0)
DA:3,5
DA:6,15
DA:8,15
DA:10,0
DA:13,0
DA:16,15
LF:6
LH:4
BRDA:5,0,0,15
BRDA:8,1,0,0
BRDA:8,1,1,0
BRDA:8,1,2,15
BRF:4
BRH:2
end_of_record
TN:
SF:src/services/auth.service.js
FN:9,(anonymous_0)
FN:18,(anonymous_1)
FN:24,(anonymous_2)
FN:32,(anonymous_3)
FNF:4
FNH:0
FNDA:0,(anonymous_0)
FNDA:0,(anonymous_1)
FNDA:0,(anonymous_2)
FNDA:0,(anonymous_3)
DA:10,0
DA:15,0
DA:19,0
DA:23,0
DA:25,0
DA:26,0
DA:28,0
DA:33,0
LF:8
LH:0
BRDA:25,0,0,0
BRDA:25,0,1,0
BRF:2
BRH:0
end_of_record
TN:
SF:src/services/item.services.js
FN:5,(anonymous_0)
FN:8,(anonymous_1)
FN:16,(anonymous_2)
FN:23,(anonymous_3)
FN:30,(anonymous_4)
FN:37,(anonymous_5)
FNF:6
FNH:0
FNDA:0,(anonymous_0)
FNDA:0,(anonymous_1)
FNDA:0,(anonymous_2)
FNDA:0,(anonymous_3)
FNDA:0,(anonymous_4)
FNDA:0,(anonymous_5)
DA:6,0
DA:9,0
DA:10,0
DA:12,0
DA:17,0
DA:18,0
DA:20,0
DA:24,0
DA:25,0
DA:27,0
DA:31,0
DA:32,0
DA:34,0
DA:38,0
DA:39,0
DA:41,0
LF:16
LH:0
BRF:0
BRH:0
end_of_record
