TN:
SF:src\server.js
FN:30,(anonymous_0)
FN:39,(anonymous_1)
FN:55,(anonymous_2)
FN:58,(anonymous_3)
FNF:4
FNH:2
FNDA:0,(anonymous_0)
FNDA:1,(anonymous_1)
FNDA:1,(anonymous_2)
FNDA:0,(anonymous_3)
DA:1,1
DA:2,1
DA:3,1
DA:4,1
DA:6,1
DA:13,1
DA:16,1
DA:19,1
DA:22,1
DA:23,1
DA:24,1
DA:25,1
DA:26,1
DA:30,1
DA:31,0
DA:32,0
DA:36,1
DA:38,1
DA:39,1
DA:40,1
DA:41,1
DA:42,1
DA:49,1
DA:50,1
DA:51,1
DA:52,1
DA:56,1
DA:57,1
DA:59,0
DA:60,0
DA:63,1
LF:31
LH:27
BRDA:36,0,0,1
BRDA:36,0,1,1
BRDA:38,1,0,1
BRDA:38,1,1,1
BRDA:49,2,0,1
BRDA:49,2,1,1
BRDA:50,3,0,1
BRDA:50,3,1,1
BRDA:51,4,0,1
BRDA:51,4,1,1
BRF:10
BRH:10
end_of_record
TN:
SF:src\config\auth.config.js
FNF:0
FNH:0
DA:1,1
LF:1
LH:1
BRF:0
BRH:0
end_of_record
TN:
SF:src\config\db.config.js
FNF:0
FNH:0
DA:4,1
LF:1
LH:1
BRF:0
BRH:0
end_of_record
TN:
SF:src\controllers\book.controller.js
FN:5,(anonymous_0)
FN:9,(anonymous_1)
FN:29,(anonymous_2)
FN:31,(anonymous_3)
FN:41,(anonymous_4)
FN:50,(anonymous_5)
FN:60,(anonymous_6)
FN:67,(anonymous_7)
FN:77,(anonymous_8)
FN:80,(anonymous_9)
FN:83,(anonymous_10)
FN:92,(anonymous_11)
FN:95,(anonymous_12)
FN:100,(anonymous_13)
FN:106,(anonymous_14)
FN:111,(anonymous_15)
FN:122,(anonymous_16)
FN:130,(anonymous_17)
FN:133,(anonymous_18)
FN:138,(anonymous_19)
FNF:20
FNH:13
FNDA:3,(anonymous_0)
FNDA:16,(anonymous_1)
FNDA:2,(anonymous_2)
FNDA:1,(anonymous_3)
FNDA:4,(anonymous_4)
FNDA:4,(anonymous_5)
FNDA:3,(anonymous_6)
FNDA:0,(anonymous_7)
FNDA:1,(anonymous_8)
FNDA:1,(anonymous_9)
FNDA:0,(anonymous_10)
FNDA:1,(anonymous_11)
FNDA:1,(anonymous_12)
FNDA:0,(anonymous_13)
FNDA:3,(anonymous_14)
FNDA:3,(anonymous_15)
FNDA:0,(anonymous_16)
FNDA:0,(anonymous_17)
FNDA:0,(anonymous_18)
FNDA:0,(anonymous_19)
DA:1,1
DA:5,1
DA:7,3
DA:8,3
DA:9,16
DA:11,3
DA:12,0
DA:17,3
DA:29,3
DA:30,2
DA:32,1
DA:41,1
DA:43,4
DA:44,0
DA:48,4
DA:49,4
DA:50,4
DA:52,4
DA:53,1
DA:57,3
DA:59,3
DA:61,3
DA:62,0
DA:65,3
DA:68,0
DA:77,1
DA:79,1
DA:81,1
DA:84,0
DA:92,1
DA:94,1
DA:96,1
DA:97,0
DA:98,1
DA:101,0
DA:106,1
DA:108,3
DA:110,3
DA:112,3
DA:113,1
DA:117,2
DA:123,0
DA:130,1
DA:132,0
DA:134,0
DA:139,0
LF:46
LH:35
BRDA:11,0,0,0
BRDA:11,0,1,3
BRDA:34,1,0,1
BRDA:34,1,1,0
BRDA:43,2,0,0
BRDA:43,2,1,4
BRDA:52,3,0,1
BRDA:52,3,1,3
BRDA:61,4,0,0
BRDA:61,4,1,3
BRDA:70,5,0,0
BRDA:70,5,1,0
BRDA:86,6,0,0
BRDA:86,6,1,0
BRDA:96,7,0,0
BRDA:96,7,1,1
BRDA:112,8,0,1
BRDA:112,8,1,2
BRDA:141,9,0,0
BRDA:141,9,1,0
BRF:20
BRH:9
end_of_record
TN:
SF:src\controllers\film.controller.js
FN:5,(anonymous_0)
FN:8,(anonymous_1)
FN:26,(anonymous_2)
FN:28,(anonymous_3)
FN:38,(anonymous_4)
FN:46,(anonymous_5)
FN:56,(anonymous_6)
FN:63,(anonymous_7)
FN:73,(anonymous_8)
FN:76,(anonymous_9)
FN:79,(anonymous_10)
FN:88,(anonymous_11)
FN:91,(anonymous_12)
FN:96,(anonymous_13)
FN:103,(anonymous_14)
FN:107,(anonymous_15)
FN:118,(anonymous_16)
FN:127,(anonymous_17)
FN:130,(anonymous_18)
FN:135,(anonymous_19)
FNF:20
FNH:13
FNDA:2,(anonymous_0)
FNDA:7,(anonymous_1)
FNDA:1,(anonymous_2)
FNDA:1,(anonymous_3)
FNDA:3,(anonymous_4)
FNDA:3,(anonymous_5)
FNDA:2,(anonymous_6)
FNDA:0,(anonymous_7)
FNDA:1,(anonymous_8)
FNDA:1,(anonymous_9)
FNDA:0,(anonymous_10)
FNDA:1,(anonymous_11)
FNDA:1,(anonymous_12)
FNDA:0,(anonymous_13)
FNDA:2,(anonymous_14)
FNDA:2,(anonymous_15)
FNDA:0,(anonymous_16)
FNDA:0,(anonymous_17)
FNDA:0,(anonymous_18)
FNDA:0,(anonymous_19)
DA:1,1
DA:5,1
DA:6,2
DA:7,2
DA:8,7
DA:10,2
DA:11,0
DA:16,2
DA:26,2
DA:27,1
DA:29,1
DA:38,1
DA:39,3
DA:40,0
DA:44,3
DA:45,3
DA:46,3
DA:48,3
DA:49,1
DA:53,2
DA:55,2
DA:57,2
DA:58,0
DA:61,2
DA:64,0
DA:73,1
DA:75,1
DA:77,1
DA:80,0
DA:88,1
DA:90,1
DA:92,1
DA:93,0
DA:94,1
DA:97,0
DA:103,1
DA:105,2
DA:106,2
DA:108,2
DA:109,1
DA:113,1
DA:119,0
DA:127,1
DA:129,0
DA:131,0
DA:136,0
LF:46
LH:35
BRDA:10,0,0,0
BRDA:10,0,1,2
BRDA:31,1,0,1
BRDA:31,1,1,0
BRDA:39,2,0,0
BRDA:39,2,1,3
BRDA:48,3,0,1
BRDA:48,3,1,2
BRDA:57,4,0,0
BRDA:57,4,1,2
BRDA:66,5,0,0
BRDA:66,5,1,0
BRDA:82,6,0,0
BRDA:82,6,1,0
BRDA:92,7,0,0
BRDA:92,7,1,1
BRDA:108,8,0,1
BRDA:108,8,1,1
BRDA:121,9,0,0
BRDA:121,9,1,0
BRDA:138,10,0,0
BRDA:138,10,1,0
BRF:22
BRH:9
end_of_record
TN:
SF:src\controllers\list.controller.js
FN:5,(anonymous_0)
FN:9,(anonymous_1)
FN:23,(anonymous_2)
FN:26,(anonymous_3)
FN:36,(anonymous_4)
FN:46,(anonymous_5)
FN:55,(anonymous_6)
FN:62,(anonymous_7)
FN:72,(anonymous_8)
FN:82,(anonymous_9)
FN:91,(anonymous_10)
FN:99,(anonymous_11)
FN:106,(anonymous_12)
FN:114,(anonymous_13)
FN:122,(anonymous_14)
FN:125,(anonymous_15)
FN:128,(anonymous_16)
FN:137,(anonymous_17)
FN:140,(anonymous_18)
FN:145,(anonymous_19)
FN:154,(anonymous_20)
FN:158,(anonymous_21)
FN:171,(anonymous_22)
FN:182,(anonymous_23)
FN:185,(anonymous_24)
FN:191,(anonymous_25)
FNF:26
FNH:11
FNDA:3,(anonymous_0)
FNDA:3,(anonymous_1)
FNDA:2,(anonymous_2)
FNDA:0,(anonymous_3)
FNDA:3,(anonymous_4)
FNDA:3,(anonymous_5)
FNDA:2,(anonymous_6)
FNDA:0,(anonymous_7)
FNDA:0,(anonymous_8)
FNDA:0,(anonymous_9)
FNDA:0,(anonymous_10)
FNDA:0,(anonymous_11)
FNDA:0,(anonymous_12)
FNDA:0,(anonymous_13)
FNDA:0,(anonymous_14)
FNDA:0,(anonymous_15)
FNDA:0,(anonymous_16)
FNDA:1,(anonymous_17)
FNDA:1,(anonymous_18)
FNDA:0,(anonymous_19)
FNDA:2,(anonymous_20)
FNDA:1,(anonymous_21)
FNDA:1,(anonymous_22)
FNDA:0,(anonymous_23)
FNDA:0,(anonymous_24)
FNDA:0,(anonymous_25)
DA:1,1
DA:5,1
DA:7,3
DA:8,3
DA:9,3
DA:11,3
DA:12,1
DA:17,2
DA:22,2
DA:24,2
DA:27,0
DA:36,1
DA:39,3
DA:40,0
DA:44,3
DA:45,3
DA:46,3
DA:48,3
DA:49,1
DA:54,2
DA:56,2
DA:57,0
DA:60,2
DA:63,0
DA:72,1
DA:75,0
DA:76,0
DA:80,0
DA:81,0
DA:82,0
DA:84,0
DA:85,0
DA:90,0
DA:92,0
DA:93,0
DA:95,0
DA:98,0
DA:100,0
DA:101,0
DA:104,0
DA:107,0
DA:115,0
DA:122,1
DA:124,0
DA:126,0
DA:129,0
DA:137,1
DA:139,1
DA:141,1
DA:142,0
DA:143,1
DA:146,0
DA:154,1
DA:157,2
DA:159,1
DA:160,0
DA:165,1
DA:172,1
DA:182,1
DA:184,0
DA:186,0
DA:192,0
LF:62
LH:32
BRDA:11,0,0,1
BRDA:11,0,1,2
BRDA:29,1,0,0
BRDA:29,1,1,0
BRDA:39,2,0,0
BRDA:39,2,1,3
BRDA:48,3,0,1
BRDA:48,3,1,2
BRDA:56,4,0,0
BRDA:56,4,1,2
BRDA:65,5,0,0
BRDA:65,5,1,0
BRDA:75,6,0,0
BRDA:75,6,1,0
BRDA:84,7,0,0
BRDA:84,7,1,0
BRDA:92,8,0,0
BRDA:92,8,1,0
BRDA:100,9,0,0
BRDA:100,9,1,0
BRDA:109,10,0,0
BRDA:109,10,1,0
BRDA:116,11,0,0
BRDA:116,11,1,0
BRDA:131,12,0,0
BRDA:131,12,1,0
BRDA:141,13,0,0
BRDA:141,13,1,1
BRDA:147,14,0,0
BRDA:147,14,1,0
BRDA:159,15,0,0
BRDA:159,15,1,1
BRDA:175,16,0,1
BRDA:175,16,1,0
BRDA:195,17,0,0
BRDA:195,17,1,0
BRF:36
BRH:9
end_of_record
TN:
SF:src\controllers\serie.controller.js
FN:5,(anonymous_0)
FN:9,(anonymous_1)
FN:28,(anonymous_2)
FN:30,(anonymous_3)
FN:40,(anonymous_4)
FN:49,(anonymous_5)
FN:59,(anonymous_6)
FN:66,(anonymous_7)
FN:76,(anonymous_8)
FN:79,(anonymous_9)
FN:82,(anonymous_10)
FN:91,(anonymous_11)
FN:94,(anonymous_12)
FN:99,(anonymous_13)
FN:106,(anonymous_14)
FN:111,(anonymous_15)
FN:120,(anonymous_16)
FN:129,(anonymous_17)
FN:132,(anonymous_18)
FN:137,(anonymous_19)
FNF:20
FNH:13
FNDA:2,(anonymous_0)
FNDA:8,(anonymous_1)
FNDA:1,(anonymous_2)
FNDA:1,(anonymous_3)
FNDA:3,(anonymous_4)
FNDA:3,(anonymous_5)
FNDA:2,(anonymous_6)
FNDA:0,(anonymous_7)
FNDA:1,(anonymous_8)
FNDA:1,(anonymous_9)
FNDA:0,(anonymous_10)
FNDA:1,(anonymous_11)
FNDA:1,(anonymous_12)
FNDA:0,(anonymous_13)
FNDA:2,(anonymous_14)
FNDA:2,(anonymous_15)
FNDA:0,(anonymous_16)
FNDA:0,(anonymous_17)
FNDA:0,(anonymous_18)
FNDA:0,(anonymous_19)
DA:1,1
DA:5,1
DA:7,2
DA:8,2
DA:9,8
DA:11,2
DA:12,0
DA:17,2
DA:28,2
DA:29,1
DA:31,1
DA:40,1
DA:42,3
DA:43,0
DA:47,3
DA:48,3
DA:49,3
DA:51,3
DA:52,1
DA:56,2
DA:58,2
DA:60,2
DA:61,0
DA:64,2
DA:67,0
DA:76,1
DA:78,1
DA:80,1
DA:83,0
DA:91,1
DA:93,1
DA:95,1
DA:96,0
DA:97,1
DA:100,0
DA:106,1
DA:108,2
DA:110,2
DA:112,2
DA:113,1
DA:117,1
DA:121,0
DA:129,1
DA:131,0
DA:133,0
DA:138,0
LF:46
LH:35
BRDA:11,0,0,0
BRDA:11,0,1,2
BRDA:33,1,0,1
BRDA:33,1,1,0
BRDA:42,2,0,0
BRDA:42,2,1,3
BRDA:51,3,0,1
BRDA:51,3,1,2
BRDA:60,4,0,0
BRDA:60,4,1,2
BRDA:69,5,0,0
BRDA:69,5,1,0
BRDA:85,6,0,0
BRDA:85,6,1,0
BRDA:95,7,0,0
BRDA:95,7,1,1
BRDA:112,8,0,1
BRDA:112,8,1,1
BRDA:123,9,0,0
BRDA:123,9,1,0
BRDA:140,10,0,0
BRDA:140,10,1,0
BRF:22
BRH:9
end_of_record
TN:
SF:src\controllers\user.controller.js
FN:13,(anonymous_0)
FN:56,(anonymous_1)
FN:59,(anonymous_2)
FN:70,(anonymous_3)
FN:81,(anonymous_4)
FN:111,(anonymous_5)
FN:124,(anonymous_6)
FN:134,(anonymous_7)
FN:145,(anonymous_8)
FN:152,(anonymous_9)
FN:163,(anonymous_10)
FN:166,(anonymous_11)
FN:169,(anonymous_12)
FN:180,(anonymous_13)
FN:184,(anonymous_14)
FN:189,(anonymous_15)
FN:199,(anonymous_16)
FN:204,(anonymous_17)
FN:215,(anonymous_18)
FN:226,(anonymous_19)
FN:229,(anonymous_20)
FN:234,(anonymous_21)
FNF:22
FNH:13
FNDA:4,(anonymous_0)
FNDA:2,(anonymous_1)
FNDA:0,(anonymous_2)
FNDA:9,(anonymous_3)
FNDA:8,(anonymous_4)
FNDA:0,(anonymous_5)
FNDA:2,(anonymous_6)
FNDA:2,(anonymous_7)
FNDA:1,(anonymous_8)
FNDA:0,(anonymous_9)
FNDA:1,(anonymous_10)
FNDA:1,(anonymous_11)
FNDA:0,(anonymous_12)
FNDA:1,(anonymous_13)
FNDA:1,(anonymous_14)
FNDA:0,(anonymous_15)
FNDA:2,(anonymous_16)
FNDA:2,(anonymous_17)
FNDA:0,(anonymous_18)
FNDA:0,(anonymous_19)
FNDA:0,(anonymous_20)
FNDA:0,(anonymous_21)
DA:1,1
DA:2,1
DA:3,1
DA:4,1
DA:5,1
DA:6,1
DA:7,1
DA:8,1
DA:13,1
DA:15,4
DA:16,4
DA:17,0
DA:20,4
DA:21,4
DA:22,2
DA:25,2
DA:26,2
DA:27,0
DA:31,2
DA:32,2
DA:35,2
DA:37,2
DA:38,1
DA:39,1
DA:41,0
DA:42,0
DA:47,2
DA:55,2
DA:57,2
DA:60,0
DA:70,1
DA:73,9
DA:74,9
DA:77,8
DA:78,8
DA:81,8
DA:82,8
DA:83,0
DA:85,8
DA:86,8
DA:93,8
DA:104,0
DA:111,1
DA:113,0
DA:114,0
DA:115,0
DA:117,0
DA:124,1
DA:127,2
DA:128,0
DA:132,2
DA:133,2
DA:134,2
DA:136,2
DA:137,1
DA:142,1
DA:144,1
DA:146,1
DA:147,0
DA:150,1
DA:153,0
DA:163,1
DA:165,1
DA:167,1
DA:170,0
DA:180,1
DA:182,1
DA:183,1
DA:185,1
DA:186,0
DA:187,1
DA:190,0
DA:199,1
DA:201,2
DA:203,2
DA:205,2
DA:206,0
DA:210,2
DA:216,0
DA:226,1
DA:228,0
DA:230,0
DA:235,0
LF:83
LH:61
BRDA:16,0,0,0
BRDA:16,0,1,4
BRDA:21,1,0,2
BRDA:21,1,1,2
BRDA:26,2,0,0
BRDA:26,2,1,2
BRDA:37,3,0,1
BRDA:37,3,1,1
BRDA:37,4,0,2
BRDA:37,4,1,1
BRDA:62,5,0,0
BRDA:62,5,1,0
BRDA:74,6,0,1
BRDA:74,6,1,8
BRDA:78,7,0,0
BRDA:78,7,1,8
BRDA:82,8,0,0
BRDA:82,8,1,8
BRDA:85,9,0,8
BRDA:85,9,1,0
BRDA:127,10,0,0
BRDA:127,10,1,2
BRDA:136,11,0,1
BRDA:136,11,1,1
BRDA:146,12,0,0
BRDA:146,12,1,1
BRDA:155,13,0,0
BRDA:155,13,1,0
BRDA:172,14,0,0
BRDA:172,14,1,0
BRDA:185,15,0,0
BRDA:185,15,1,1
BRDA:191,16,0,0
BRDA:191,16,1,0
BRDA:205,17,0,0
BRDA:205,17,1,2
BRDA:218,18,0,0
BRDA:218,18,1,0
BRDA:237,19,0,0
BRDA:237,19,1,0
BRF:40
BRH:19
end_of_record
TN:
SF:src\managements\userLists.js
FN:5,(anonymous_0)
FN:13,(anonymous_1)
FNF:2
FNH:2
FNDA:1,(anonymous_0)
FNDA:9,(anonymous_1)
DA:1,1
DA:2,1
DA:5,1
DA:7,1
DA:11,1
DA:12,1
DA:14,9
DA:17,9
DA:18,9
DA:20,0
DA:21,0
DA:25,1
LF:12
LH:10
BRF:0
BRH:0
end_of_record
TN:
SF:src\middlewares\authJwt.js
FN:7,(anonymous_0)
FN:16,(anonymous_1)
FN:21,(anonymous_2)
FN:31,(anonymous_3)
FN:32,(anonymous_4)
FNF:5
FNH:5
FNDA:3,(anonymous_0)
FNDA:36,(anonymous_1)
FNDA:32,(anonymous_2)
FNDA:29,(anonymous_3)
FNDA:29,(anonymous_4)
DA:1,1
DA:2,1
DA:3,1
DA:4,1
DA:7,1
DA:8,3
DA:9,0
DA:12,3
DA:16,1
DA:17,36
DA:18,36
DA:19,4
DA:21,32
DA:22,32
DA:23,3
DA:25,29
DA:26,29
DA:31,1
DA:32,29
DA:33,29
DA:34,0
DA:35,0
DA:37,29
DA:38,26
DA:39,26
DA:41,3
DA:42,3
LF:27
LH:24
BRDA:8,0,0,0
BRDA:8,0,1,3
BRDA:18,1,0,4
BRDA:18,1,1,32
BRDA:22,2,0,3
BRDA:22,2,1,29
BRDA:33,3,0,0
BRDA:33,3,1,29
BRDA:37,4,0,26
BRDA:37,4,1,3
BRF:10
BRH:8
end_of_record
TN:
SF:src\models\book.model.js
FNF:0
FNH:0
DA:1,1
DA:2,1
DA:5,1
DA:55,1
LF:4
LH:4
BRF:0
BRH:0
end_of_record
TN:
SF:src\models\film.model.js
FNF:0
FNH:0
DA:1,1
DA:2,1
DA:5,1
DA:44,1
LF:4
LH:4
BRF:0
BRH:0
end_of_record
TN:
SF:src\models\genres.js
FNF:0
FNH:0
DA:1,1
DA:3,1
LF:2
LH:2
BRF:0
BRH:0
end_of_record
TN:
SF:src\models\index.js
FNF:0
FNH:0
DA:1,1
DA:2,1
DA:3,1
DA:5,1
DA:7,1
DA:8,1
DA:9,1
DA:10,1
DA:11,1
DA:12,1
DA:13,1
DA:15,1
DA:16,1
DA:17,1
DA:18,1
DA:19,1
DA:21,1
LF:17
LH:17
BRF:0
BRH:0
end_of_record
TN:
SF:src\models\list.model.js
FNF:0
FNH:0
DA:1,1
DA:4,1
DA:19,1
LF:3
LH:3
BRF:0
BRH:0
end_of_record
TN:
SF:src\models\serie.model.js
FNF:0
FNH:0
DA:1,1
DA:2,1
DA:5,1
DA:48,1
LF:4
LH:4
BRF:0
BRH:0
end_of_record
TN:
SF:src\models\user.model.js
FNF:0
FNH:0
DA:1,1
DA:4,1
DA:41,1
LF:3
LH:3
BRF:0
BRH:0
end_of_record
TN:
SF:src\routes\book.routes.js
FN:5,(anonymous_0)
FNF:1
FNH:1
FNDA:1,(anonymous_0)
DA:1,1
DA:2,1
DA:3,1
DA:5,1
DA:6,1
DA:12,1
DA:17,1
DA:21,1
LF:8
LH:8
BRF:0
BRH:0
end_of_record
TN:
SF:src\routes\film.routes.js
FN:5,(anonymous_0)
FNF:1
FNH:1
FNDA:1,(anonymous_0)
DA:1,1
DA:2,1
DA:3,1
DA:5,1
DA:7,1
DA:13,1
DA:18,1
DA:22,1
LF:8
LH:8
BRF:0
BRH:0
end_of_record
TN:
SF:src\routes\list.routes.js
FN:1,(anonymous_0)
FNF:1
FNH:1
FNDA:1,(anonymous_0)
DA:1,1
DA:2,1
DA:4,1
DA:11,1
DA:17,1
LF:5
LH:5
BRF:0
BRH:0
end_of_record
TN:
SF:src\routes\serie.routes.js
FN:6,(anonymous_0)
FNF:1
FNH:1
FNDA:1,(anonymous_0)
DA:1,1
DA:2,1
DA:3,1
DA:6,1
DA:7,1
DA:13,1
DA:18,1
DA:22,1
LF:8
LH:8
BRF:0
BRH:0
end_of_record
TN:
SF:src\routes\user.routes.js
FN:5,(anonymous_0)
FNF:1
FNH:1
FNDA:1,(anonymous_0)
DA:1,1
DA:2,1
DA:3,1
DA:5,1
DA:6,1
DA:12,1
DA:18,1
DA:19,1
DA:20,1
DA:23,1
LF:10
LH:10
BRF:0
BRH:0
end_of_record
TN:
SF:src\validations\login.validation.js
FNF:0
FNH:0
DA:1,1
DA:3,1
LF:2
LH:2
BRF:0
BRH:0
end_of_record
TN:
SF:src\validations\register.validation.js
FNF:0
FNH:0
DA:1,1
DA:3,1
LF:2
LH:2
BRF:0
BRH:0
end_of_record
